0 info it worked if it ends with ok
1 verbose cli [ 'C:\\Program Files\\nodejs\\\\node.exe',
1 verbose cli   'C:\\Program Files\\nodejs\\node_modules\\npm\\bin\\npm-cli.js',
1 verbose cli   'publish' ]
2 info using npm@2.10.1
3 info using node@v0.12.4
4 verbose publish [ '.' ]
5 silly cache add args [ '.', null ]
6 verbose cache add spec .
7 silly cache add parsed spec { raw: '.',
7 silly cache add   scope: null,
7 silly cache add   name: null,
7 silly cache add   rawSpec: '.',
7 silly cache add   spec: 'C:\\Users\\i309714\\node_tuts\\how-to-npm',
7 silly cache add   type: 'directory' }
8 verbose addLocalDirectory C:\Users\i309714\AppData\Roaming\npm-cache\@darth_lord\how-to-npm\1.0.0\package.tgz not in flight; packing
9 verbose tar pack [ 'C:\\Users\\i309714\\AppData\\Roaming\\npm-cache\\@darth_lord\\how-to-npm\\1.0.0\\package.tgz',
9 verbose tar pack   'C:\\Users\\i309714\\node_tuts\\how-to-npm' ]
10 verbose tarball C:\Users\i309714\AppData\Roaming\npm-cache\@darth_lord\how-to-npm\1.0.0\package.tgz
11 verbose folder C:\Users\i309714\node_tuts\how-to-npm
12 info prepublish @darth_lord/how-to-npm@1.0.0
13 verbose addLocalTarball adding from inside cache C:\Users\i309714\AppData\Roaming\npm-cache\@darth_lord\how-to-npm\1.0.0\package.tgz
14 silly cache afterAdd @darth_lord/how-to-npm@1.0.0
15 verbose afterAdd C:\Users\i309714\AppData\Roaming\npm-cache\@darth_lord\how-to-npm\1.0.0\package\package.json not in flight; writing
16 verbose afterAdd C:\Users\i309714\AppData\Roaming\npm-cache\@darth_lord\how-to-npm\1.0.0\package\package.json written
17 silly publish { name: '@darth_lord/how-to-npm',
17 silly publish   version: '1.0.0',
17 silly publish   description: 'test initialization of package.json',
17 silly publish   main: 'index.js',
17 silly publish   scripts: { test: 'node test.js' },
17 silly publish   author: { name: 'vikramjit sidhu' },
17 silly publish   license: 'ISC',
17 silly publish   repository:
17 silly publish    { type: 'git',
17 silly publish      url: 'git+https://github.com/vikramjit-sidhu/node_school.git' },
17 silly publish   dependencies: { '@linclark/pkg': '^1.0.2' },
17 silly publish   readme: '\r\n\r\nLearning how to create package.json file, this is useful \r\nto automatically install packages, list dependencies and generally\r\ngive information about the work of art that is your project to the world',
17 silly publish   readmeFilename: 'README.md',
17 silly publish   bugs: { url: 'https://github.com/vikramjit-sidhu/node_school/issues' },
17 silly publish   homepage: 'https://github.com/vikramjit-sidhu/node_school#readme',
17 silly publish   _id: '@darth_lord/how-to-npm@1.0.0',
17 silly publish   _shasum: '3f6d6f9b2e9cdc11edea0ce2d1f7d6c211a39616',
17 silly publish   _from: '.' }
18 verbose getPublishConfig undefined
19 silly mapToRegistry name @darth_lord/how-to-npm
20 silly mapToRegistry scope (from package name) @darth_lord
21 verbose mapToRegistry no registry URL found in name for scope @darth_lord
22 silly mapToRegistry using default registry
23 silly mapToRegistry registry http://localhost:15443/
24 silly mapToRegistry uri http://localhost:15443/@darth_lord%2fhow-to-npm
25 verbose publish registryBase http://localhost:15443/
26 silly publish uploading C:\Users\i309714\AppData\Roaming\npm-cache\@darth_lord\how-to-npm\1.0.0\package.tgz
27 verbose request uri http://localhost:15443/@darth_lord%2fhow-to-npm
28 verbose request sending authorization for write operation
29 info attempt registry request try #1 at 10:54:26 PM
30 verbose request id d63f1fe8ad3abf52
31 http request PUT http://localhost:15443/@darth_lord%2fhow-to-npm
32 http 404 http://localhost:15443/@darth_lord%2fhow-to-npm
33 verbose headers { 'content-type': 'application/json',
33 verbose headers   date: 'Mon, 14 Sep 2015 17:24:27 GMT',
33 verbose headers   connection: 'keep-alive',
33 verbose headers   'transfer-encoding': 'chunked' }
34 verbose request invalidating C:\Users\i309714\AppData\Roaming\npm-cache\localhost_15443\_40darth_lord_252fhow-to-npm on PUT
35 error publish Failed PUT 404
36 verbose stack Error: missing : @darth_lord/how-to-npm
36 verbose stack     at CachingRegistryClient.<anonymous> (C:\Program Files\nodejs\node_modules\npm\node_modules\npm-registry-client\lib\request.js:247:14)
36 verbose stack     at Request._callback (C:\Program Files\nodejs\node_modules\npm\node_modules\npm-registry-client\lib\request.js:170:14)
36 verbose stack     at Request.self.callback (C:\Program Files\nodejs\node_modules\npm\node_modules\request\request.js:368:22)
36 verbose stack     at Request.emit (events.js:110:17)
36 verbose stack     at Request.<anonymous> (C:\Program Files\nodejs\node_modules\npm\node_modules\request\request.js:1219:14)
36 verbose stack     at Request.emit (events.js:129:20)
36 verbose stack     at IncomingMessage.<anonymous> (C:\Program Files\nodejs\node_modules\npm\node_modules\request\request.js:1167:12)
36 verbose stack     at IncomingMessage.emit (events.js:129:20)
36 verbose stack     at _stream_readable.js:908:16
36 verbose stack     at process._tickCallback (node.js:355:11)
37 verbose statusCode 404
38 verbose pkgid @darth_lord/how-to-npm
39 verbose cwd C:\Users\i309714\node_tuts\how-to-npm
40 error Windows_NT 6.1.7601
41 error argv "C:\\Program Files\\nodejs\\\\node.exe" "C:\\Program Files\\nodejs\\node_modules\\npm\\bin\\npm-cli.js" "publish"
42 error node v0.12.4
43 error npm  v2.10.1
44 error code E404
45 error 404 missing : @darth_lord/how-to-npm
45 error 404
45 error 404 '@darth_lord/how-to-npm' is not in the npm registry.
45 error 404 You should bug the author to publish it (or use the name yourself!)
45 error 404
45 error 404 Note that you can also install from a
45 error 404 tarball, folder, http url, or git url.
46 verbose exit [ 1, true ]
